<?xml version="1.0" encoding="UTF-8"?>
<testsuite xmlns:xsi="http://www.w3.org/2001/XMLSchema-instance" xsi:noNamespaceSchemaLocation="https://maven.apache.org/surefire/maven-surefire-plugin/xsd/surefire-test-report.xsd" name="com.abc.AppTest" time="0.055" tests="1" errors="0" skipped="0" failures="0">
  <properties>
    <property name="java.specification.version" value="17"/>
    <property name="sun.cpu.isalist" value="amd64"/>
    <property name="sun.jnu.encoding" value="Cp1252"/>
    <property name="java.class.path" value="C:\Users\Shash\mavensession1\abcwebapp1\target\test-classes;C:\Users\Shash\mavensession1\abcwebapp1\target\classes;C:\Users\Shash\.m2\repository\junit\junit\4.11\junit-4.11.jar;C:\Users\Shash\.m2\repository\org\hamcrest\hamcrest-core\1.3\hamcrest-core-1.3.jar;C:\Users\Shash\.m2\repository\mysql\mysql-connector-java\8.0.26\mysql-connector-java-8.0.26.jar;C:\Users\Shash\.m2\repository\com\google\protobuf\protobuf-java\3.11.4\protobuf-java-3.11.4.jar;C:\Users\Shash\.m2\repository\org\seleniumhq\selenium\selenium-remote-control\2.0rc2\selenium-remote-control-2.0rc2.jar;C:\Users\Shash\.m2\repository\org\seleniumhq\selenium\selenium-chrome-driver\2.0rc2\selenium-chrome-driver-2.0rc2.jar;C:\Users\Shash\.m2\repository\org\seleniumhq\selenium\selenium-remote-driver\2.0rc2\selenium-remote-driver-2.0rc2.jar;C:\Users\Shash\.m2\repository\cglib\cglib-nodep\2.1_3\cglib-nodep-2.1_3.jar;C:\Users\Shash\.m2\repository\org\json\json\20080701\json-20080701.jar;C:\Users\Shash\.m2\repository\org\apache\httpcomponents\httpclient\4.0.2\httpclient-4.0.2.jar;C:\Users\Shash\.m2\repository\org\apache\httpcomponents\httpcore\4.0.1\httpcore-4.0.1.jar;C:\Users\Shash\.m2\repository\org\seleniumhq\selenium\selenium-htmlunit-driver\2.0rc2\selenium-htmlunit-driver-2.0rc2.jar;C:\Users\Shash\.m2\repository\org\seleniumhq\selenium\selenium-api\2.0rc2\selenium-api-2.0rc2.jar;C:\Users\Shash\.m2\repository\com\google\guava\guava\r09\guava-r09.jar;C:\Users\Shash\.m2\repository\net\sourceforge\htmlunit\htmlunit\2.8\htmlunit-2.8.jar;C:\Users\Shash\.m2\repository\xalan\xalan\2.7.1\xalan-2.7.1.jar;C:\Users\Shash\.m2\repository\xalan\serializer\2.7.1\serializer-2.7.1.jar;C:\Users\Shash\.m2\repository\commons-collections\commons-collections\3.2.1\commons-collections-3.2.1.jar;C:\Users\Shash\.m2\repository\commons-lang\commons-lang\2.4\commons-lang-2.4.jar;C:\Users\Shash\.m2\repository\org\apache\httpcomponents\httpmime\4.0.1\httpmime-4.0.1.jar;C:\Users\Shash\.m2\repository\org\apache\james\apache-mime4j\0.6\apache-mime4j-0.6.jar;C:\Users\Shash\.m2\repository\commons-codec\commons-codec\1.4\commons-codec-1.4.jar;C:\Users\Shash\.m2\repository\net\sourceforge\htmlunit\htmlunit-core-js\2.8\htmlunit-core-js-2.8.jar;C:\Users\Shash\.m2\repository\xerces\xercesImpl\2.9.1\xercesImpl-2.9.1.jar;C:\Users\Shash\.m2\repository\xml-apis\xml-apis\1.3.04\xml-apis-1.3.04.jar;C:\Users\Shash\.m2\repository\net\sourceforge\nekohtml\nekohtml\1.9.14\nekohtml-1.9.14.jar;C:\Users\Shash\.m2\repository\net\sourceforge\cssparser\cssparser\0.9.5\cssparser-0.9.5.jar;C:\Users\Shash\.m2\repository\org\w3c\css\sac\1.3\sac-1.3.jar;C:\Users\Shash\.m2\repository\commons-logging\commons-logging\1.1.1\commons-logging-1.1.1.jar;C:\Users\Shash\.m2\repository\org\seleniumhq\selenium\selenium-firefox-driver\2.0rc2\selenium-firefox-driver-2.0rc2.jar;C:\Users\Shash\.m2\repository\commons-io\commons-io\2.0.1\commons-io-2.0.1.jar;C:\Users\Shash\.m2\repository\org\seleniumhq\selenium\selenium-ie-driver\2.0rc2\selenium-ie-driver-2.0rc2.jar;C:\Users\Shash\.m2\repository\net\java\dev\jna\jna\3.2.2\jna-3.2.2.jar;C:\Users\Shash\.m2\repository\org\seleniumhq\selenium\selenium-iphone-driver\2.0rc2\selenium-iphone-driver-2.0rc2.jar;C:\Users\Shash\.m2\repository\org\seleniumhq\selenium\selenium-server\2.0rc2\selenium-server-2.0rc2.jar;C:\Users\Shash\.m2\repository\bouncycastle\bcprov-jdk15\135\bcprov-jdk15-135.jar;C:\Users\Shash\.m2\repository\mx4j\mx4j-tools\3.0.1\mx4j-tools-3.0.1.jar;C:\Users\Shash\.m2\repository\org\mortbay\jetty\servlet-api-2.5\6.1.9\servlet-api-2.5-6.1.9.jar;C:\Users\Shash\.m2\repository\org\seleniumhq\selenium\selenium-support\2.0rc2\selenium-support-2.0rc2.jar;"/>
    <property name="java.vm.vendor" value="Oracle Corporation"/>
    <property name="sun.arch.data.model" value="64"/>
    <property name="user.variant" value=""/>
    <property name="java.vendor.url" value="https://java.oracle.com/"/>
    <property name="user.timezone" value="Asia/Calcutta"/>
    <property name="os.name" value="Windows 10"/>
    <property name="java.vm.specification.version" value="17"/>
    <property name="sun.java.launcher" value="SUN_STANDARD"/>
    <property name="user.country" value="IN"/>
    <property name="sun.boot.library.path" value="C:\Program Files\Java\jdk-17\bin"/>
    <property name="sun.java.command" value="C:\Users\Shash\AppData\Local\Temp\surefire2506690730841546809\surefirebooter13989021015380131979.jar C:\Users\Shash\AppData\Local\Temp\surefire2506690730841546809 2021-09-27T08-07-28_317-jvmRun1 surefire17755755098357133462tmp surefire_015408281825408547149tmp"/>
    <property name="jdk.debug" value="release"/>
    <property name="surefire.test.class.path" value="C:\Users\Shash\mavensession1\abcwebapp1\target\test-classes;C:\Users\Shash\mavensession1\abcwebapp1\target\classes;C:\Users\Shash\.m2\repository\junit\junit\4.11\junit-4.11.jar;C:\Users\Shash\.m2\repository\org\hamcrest\hamcrest-core\1.3\hamcrest-core-1.3.jar;C:\Users\Shash\.m2\repository\mysql\mysql-connector-java\8.0.26\mysql-connector-java-8.0.26.jar;C:\Users\Shash\.m2\repository\com\google\protobuf\protobuf-java\3.11.4\protobuf-java-3.11.4.jar;C:\Users\Shash\.m2\repository\org\seleniumhq\selenium\selenium-remote-control\2.0rc2\selenium-remote-control-2.0rc2.jar;C:\Users\Shash\.m2\repository\org\seleniumhq\selenium\selenium-chrome-driver\2.0rc2\selenium-chrome-driver-2.0rc2.jar;C:\Users\Shash\.m2\repository\org\seleniumhq\selenium\selenium-remote-driver\2.0rc2\selenium-remote-driver-2.0rc2.jar;C:\Users\Shash\.m2\repository\cglib\cglib-nodep\2.1_3\cglib-nodep-2.1_3.jar;C:\Users\Shash\.m2\repository\org\json\json\20080701\json-20080701.jar;C:\Users\Shash\.m2\repository\org\apache\httpcomponents\httpclient\4.0.2\httpclient-4.0.2.jar;C:\Users\Shash\.m2\repository\org\apache\httpcomponents\httpcore\4.0.1\httpcore-4.0.1.jar;C:\Users\Shash\.m2\repository\org\seleniumhq\selenium\selenium-htmlunit-driver\2.0rc2\selenium-htmlunit-driver-2.0rc2.jar;C:\Users\Shash\.m2\repository\org\seleniumhq\selenium\selenium-api\2.0rc2\selenium-api-2.0rc2.jar;C:\Users\Shash\.m2\repository\com\google\guava\guava\r09\guava-r09.jar;C:\Users\Shash\.m2\repository\net\sourceforge\htmlunit\htmlunit\2.8\htmlunit-2.8.jar;C:\Users\Shash\.m2\repository\xalan\xalan\2.7.1\xalan-2.7.1.jar;C:\Users\Shash\.m2\repository\xalan\serializer\2.7.1\serializer-2.7.1.jar;C:\Users\Shash\.m2\repository\commons-collections\commons-collections\3.2.1\commons-collections-3.2.1.jar;C:\Users\Shash\.m2\repository\commons-lang\commons-lang\2.4\commons-lang-2.4.jar;C:\Users\Shash\.m2\repository\org\apache\httpcomponents\httpmime\4.0.1\httpmime-4.0.1.jar;C:\Users\Shash\.m2\repository\org\apache\james\apache-mime4j\0.6\apache-mime4j-0.6.jar;C:\Users\Shash\.m2\repository\commons-codec\commons-codec\1.4\commons-codec-1.4.jar;C:\Users\Shash\.m2\repository\net\sourceforge\htmlunit\htmlunit-core-js\2.8\htmlunit-core-js-2.8.jar;C:\Users\Shash\.m2\repository\xerces\xercesImpl\2.9.1\xercesImpl-2.9.1.jar;C:\Users\Shash\.m2\repository\xml-apis\xml-apis\1.3.04\xml-apis-1.3.04.jar;C:\Users\Shash\.m2\repository\net\sourceforge\nekohtml\nekohtml\1.9.14\nekohtml-1.9.14.jar;C:\Users\Shash\.m2\repository\net\sourceforge\cssparser\cssparser\0.9.5\cssparser-0.9.5.jar;C:\Users\Shash\.m2\repository\org\w3c\css\sac\1.3\sac-1.3.jar;C:\Users\Shash\.m2\repository\commons-logging\commons-logging\1.1.1\commons-logging-1.1.1.jar;C:\Users\Shash\.m2\repository\org\seleniumhq\selenium\selenium-firefox-driver\2.0rc2\selenium-firefox-driver-2.0rc2.jar;C:\Users\Shash\.m2\repository\commons-io\commons-io\2.0.1\commons-io-2.0.1.jar;C:\Users\Shash\.m2\repository\org\seleniumhq\selenium\selenium-ie-driver\2.0rc2\selenium-ie-driver-2.0rc2.jar;C:\Users\Shash\.m2\repository\net\java\dev\jna\jna\3.2.2\jna-3.2.2.jar;C:\Users\Shash\.m2\repository\org\seleniumhq\selenium\selenium-iphone-driver\2.0rc2\selenium-iphone-driver-2.0rc2.jar;C:\Users\Shash\.m2\repository\org\seleniumhq\selenium\selenium-server\2.0rc2\selenium-server-2.0rc2.jar;C:\Users\Shash\.m2\repository\bouncycastle\bcprov-jdk15\135\bcprov-jdk15-135.jar;C:\Users\Shash\.m2\repository\mx4j\mx4j-tools\3.0.1\mx4j-tools-3.0.1.jar;C:\Users\Shash\.m2\repository\org\mortbay\jetty\servlet-api-2.5\6.1.9\servlet-api-2.5-6.1.9.jar;C:\Users\Shash\.m2\repository\org\seleniumhq\selenium\selenium-support\2.0rc2\selenium-support-2.0rc2.jar;"/>
    <property name="sun.cpu.endian" value="little"/>
    <property name="user.home" value="C:\Users\Shash"/>
    <property name="user.language" value="en"/>
    <property name="java.specification.vendor" value="Oracle Corporation"/>
    <property name="java.version.date" value="2021-09-14"/>
    <property name="java.home" value="C:\Program Files\Java\jdk-17"/>
    <property name="file.separator" value="\"/>
    <property name="basedir" value="C:\Users\Shash\mavensession1\abcwebapp1"/>
    <property name="java.vm.compressedOopsMode" value="32-bit"/>
    <property name="line.separator" value="&#10;"/>
    <property name="java.vm.specification.vendor" value="Oracle Corporation"/>
    <property name="java.specification.name" value="Java Platform API Specification"/>
    <property name="surefire.real.class.path" value="C:\Users\Shash\AppData\Local\Temp\surefire2506690730841546809\surefirebooter13989021015380131979.jar"/>
    <property name="user.script" value=""/>
    <property name="sun.management.compiler" value="HotSpot 64-Bit Tiered Compilers"/>
    <property name="java.runtime.version" value="17+35-LTS-2724"/>
    <property name="user.name" value="Shash"/>
    <property name="path.separator" value=";"/>
    <property name="os.version" value="10.0"/>
    <property name="java.runtime.name" value="Java(TM) SE Runtime Environment"/>
    <property name="file.encoding" value="Cp1252"/>
    <property name="java.vm.name" value="Java HotSpot(TM) 64-Bit Server VM"/>
    <property name="localRepository" value="C:\Users\Shash\.m2\repository"/>
    <property name="java.vendor.url.bug" value="https://bugreport.java.com/bugreport/"/>
    <property name="java.io.tmpdir" value="C:\Users\Shash\AppData\Local\Temp\"/>
    <property name="java.version" value="17"/>
    <property name="user.dir" value="C:\Users\Shash\mavensession1\abcwebapp1"/>
    <property name="os.arch" value="amd64"/>
    <property name="java.vm.specification.name" value="Java Virtual Machine Specification"/>
    <property name="sun.os.patch.level" value=""/>
    <property name="native.encoding" value="Cp1252"/>
    <property name="java.library.path" value="C:\Program Files\Java\jdk-17\bin;C:\WINDOWS\Sun\Java\bin;C:\WINDOWS\system32;C:\WINDOWS;C:\Program Files\Common Files\Oracle\Java\javapath;C:\Windows\system32;C:\Windows;C:\Windows\System32\Wbem;C:\Windows\System32\WindowsPowerShell\v1.0\;C:\Windows\System32\OpenSSH\;C:\Program Files\NVIDIA Corporation\NVIDIA NvDLISR;C:\WINDOWS\system32;C:\WINDOWS;C:\WINDOWS\System32\Wbem;C:\WINDOWS\System32\WindowsPowerShell\v1.0\;C:\WINDOWS\System32\OpenSSH\;C:\Program Files\Git\cmd;C:\Program Files\Notepad++;C:\Users\Shash\Downloads\apache-maven-3.8.2-bin\apache-maven-3.8.2\bin;C:\Program Files\Java\jdk-17\bin;C:\Users\Shash\AppData\Local\Microsoft\WindowsApps;C:\Program Files\Java\jre1.8.0_291\bin;;."/>
    <property name="java.vm.info" value="mixed mode, sharing"/>
    <property name="java.vendor" value="Oracle Corporation"/>
    <property name="java.vm.version" value="17+35-LTS-2724"/>
    <property name="sun.io.unicode.encoding" value="UnicodeLittle"/>
    <property name="java.class.version" value="61.0"/>
  </properties>
  <testcase name="shouldAnswerWithTrue" classname="com.abc.AppTest" time="0.006"/>
</testsuite>